\BOOKMARK [1][-]{section.1}{\376\377\000C\000o\000v\000e\000r\000\040\000L\000e\000t\000t\000e\000r}{}% 1
\BOOKMARK [1][-]{section.2}{\376\377\000P\000o\000r\000t\000f\000o\000l\000i\000o\000\040\000a\000s\000s\000i\000g\000n\000m\000e\000n\000t\000\040\000T\000e\000m\000p\000l\000a\000t\000e}{}% 2
\BOOKMARK [2][-]{subsection.2.1}{\376\377\000B\000a\000c\000k\000g\000r\000o\000u\000n\000d\000\040\000i\000n\000f\000o\000r\000m\000a\000t\000i\000o\000n}{section.2}% 3
\BOOKMARK [2][-]{subsection.2.2}{\376\377\000T\000a\000s\000k}{section.2}% 4
\BOOKMARK [2][-]{subsection.2.3}{\376\377\000S\000t\000r\000a\000t\000e\000g\000y}{section.2}% 5
\BOOKMARK [2][-]{subsection.2.4}{\376\377\000S\000o\000l\000u\000t\000i\000o\000n}{section.2}% 6
\BOOKMARK [0][-]{part.1}{\376\377\000I\000\040\000D\000e\000f\000i\000n\000i\000t\000i\000o\000n\000s}{}% 7
\BOOKMARK [1][-]{section.3}{\376\377\000P\000S\000e\000t\000\040\0001\000\040\000E\000x\000e\000r\000c\000i\000s\000e\000\040\0001\000.\0004}{part.1}% 8
\BOOKMARK [2][-]{subsection.3.1}{\376\377\000B\000a\000c\000k\000g\000r\000o\000u\000n\000d\000\040\000i\000n\000f\000o\000r\000m\000a\000t\000i\000o\000n}{section.3}% 9
\BOOKMARK [2][-]{subsection.3.2}{\376\377\000T\000a\000s\000k}{section.3}% 10
\BOOKMARK [2][-]{subsection.3.3}{\376\377\000S\000t\000r\000a\000t\000e\000g\000y}{section.3}% 11
\BOOKMARK [2][-]{subsection.3.4}{\376\377\000S\000o\000l\000u\000t\000i\000o\000n}{section.3}% 12
\BOOKMARK [1][-]{section.4}{\376\377\000P\000S\000e\000t\000\040\0003\000\040\000E\000x\000e\000r\000c\000i\000s\000e\000\040\0001\000.\0001}{part.1}% 13
\BOOKMARK [2][-]{subsection.4.1}{\376\377\000B\000a\000c\000k\000g\000r\000o\000u\000n\000d\000\040\000i\000n\000f\000o\000r\000m\000a\000t\000i\000o\000n}{section.4}% 14
\BOOKMARK [2][-]{subsection.4.2}{\376\377\000T\000a\000s\000k}{section.4}% 15
\BOOKMARK [2][-]{subsection.4.3}{\376\377\000S\000t\000r\000a\000t\000e\000g\000y}{section.4}% 16
\BOOKMARK [2][-]{subsection.4.4}{\376\377\000S\000o\000l\000u\000t\000i\000o\000n}{section.4}% 17
\BOOKMARK [1][-]{section.5}{\376\377\000P\000S\000e\000t\000\040\0005\000\040\000E\000x\000e\000r\000c\000i\000s\000e\000\040\0001\000.\0001}{part.1}% 18
\BOOKMARK [2][-]{subsection.5.1}{\376\377\000B\000a\000c\000k\000g\000r\000o\000u\000n\000d\000\040\000i\000n\000f\000o\000r\000m\000a\000t\000i\000o\000n}{section.5}% 19
\BOOKMARK [2][-]{subsection.5.2}{\376\377\000T\000a\000s\000k}{section.5}% 20
\BOOKMARK [2][-]{subsection.5.3}{\376\377\000S\000t\000r\000a\000t\000e\000g\000y}{section.5}% 21
\BOOKMARK [2][-]{subsection.5.4}{\376\377\000S\000o\000l\000u\000t\000i\000o\000n}{section.5}% 22
\BOOKMARK [1][-]{section.6}{\376\377\000P\000S\000e\000t\000\040\0006\000\040\000E\000x\000e\000r\000c\000i\000s\000e\000\040\0001\000.\0001}{part.1}% 23
\BOOKMARK [2][-]{subsection.6.1}{\376\377\000B\000a\000c\000k\000g\000r\000o\000u\000n\000d\000\040\000i\000n\000f\000o\000r\000m\000a\000t\000i\000o\000n}{section.6}% 24
\BOOKMARK [2][-]{subsection.6.2}{\376\377\000T\000a\000s\000k}{section.6}% 25
\BOOKMARK [2][-]{subsection.6.3}{\376\377\000S\000t\000r\000a\000t\000e\000g\000y}{section.6}% 26
\BOOKMARK [2][-]{subsection.6.4}{\376\377\000S\000o\000l\000u\000t\000i\000o\000n}{section.6}% 27
\BOOKMARK [0][-]{part.2}{\376\377\000I\000I\000\040\000S\000e\000t\000\040\000T\000h\000e\000o\000r\000y}{}% 28
\BOOKMARK [1][-]{section.7}{\376\377\000P\000S\000e\000t\000\040\0001\000\040\000E\000x\000e\000r\000c\000i\000s\000e\000\040\0003}{part.2}% 29
\BOOKMARK [2][-]{subsection.7.1}{\376\377\000B\000a\000c\000k\000g\000r\000o\000u\000n\000d\000\040\000i\000n\000f\000o\000r\000m\000a\000t\000i\000o\000n}{section.7}% 30
\BOOKMARK [2][-]{subsection.7.2}{\376\377\000T\000a\000s\000k}{section.7}% 31
\BOOKMARK [2][-]{subsection.7.3}{\376\377\000S\000t\000r\000a\000t\000e\000g\000y}{section.7}% 32
\BOOKMARK [2][-]{subsection.7.4}{\376\377\000S\000o\000l\000u\000t\000i\000o\000n}{section.7}% 33
\BOOKMARK [1][-]{section.8}{\376\377\000P\000S\000e\000t\000\040\0002\000\040\000E\000x\000e\000r\000c\000i\000s\000e\000\040\0006}{part.2}% 34
\BOOKMARK [2][-]{subsection.8.1}{\376\377\000B\000a\000c\000k\000g\000r\000o\000u\000n\000d\000\040\000i\000n\000f\000o\000r\000m\000a\000t\000i\000o\000n}{section.8}% 35
\BOOKMARK [2][-]{subsection.8.2}{\376\377\000T\000a\000s\000k}{section.8}% 36
\BOOKMARK [2][-]{subsection.8.3}{\376\377\000S\000t\000r\000a\000t\000e\000g\000y}{section.8}% 37
\BOOKMARK [2][-]{subsection.8.4}{\376\377\000S\000o\000l\000u\000t\000i\000o\000n}{section.8}% 38
\BOOKMARK [0][-]{part.3}{\376\377\000I\000I\000I\000\040\000A\000l\000g\000e\000b\000r\000a\000i\000c\000\040\000S\000t\000r\000u\000c\000t\000u\000r\000e\000s}{}% 39
\BOOKMARK [1][-]{section.9}{\376\377\000P\000S\000e\000t\000\040\0002\000\040\000E\000x\000e\000r\000c\000i\000s\000e\000\040\0004}{part.3}% 40
\BOOKMARK [2][-]{subsection.9.1}{\376\377\000B\000a\000c\000k\000g\000r\000o\000u\000n\000d\000\040\000i\000n\000f\000o\000r\000m\000a\000t\000i\000o\000n}{section.9}% 41
\BOOKMARK [2][-]{subsection.9.2}{\376\377\000T\000a\000s\000k}{section.9}% 42
\BOOKMARK [2][-]{subsection.9.3}{\376\377\000S\000t\000r\000a\000t\000e\000g\000y}{section.9}% 43
\BOOKMARK [2][-]{subsection.9.4}{\376\377\000S\000o\000l\000u\000t\000i\000o\000n}{section.9}% 44
\BOOKMARK [1][-]{section.10}{}{part.3}% 45
\BOOKMARK [2][-]{subsection.10.1}{\376\377\000B\000a\000c\000k\000g\000r\000o\000u\000n\000d\000\040\000i\000n\000f\000o\000r\000m\000a\000t\000i\000o\000n}{section.10}% 46
\BOOKMARK [2][-]{subsection.10.2}{\376\377\000T\000a\000s\000k}{section.10}% 47
\BOOKMARK [2][-]{subsection.10.3}{\376\377\000S\000t\000r\000a\000t\000e\000g\000y}{section.10}% 48
\BOOKMARK [2][-]{subsection.10.4}{\376\377\000S\000o\000l\000u\000t\000i\000o\000n}{section.10}% 49
\BOOKMARK [0][-]{part.4}{\376\377\000I\000V\000\040\000T\000h\000e\000o\000r\000y}{}% 50
\BOOKMARK [1][-]{section.11}{\376\377\000P\000S\000e\000t\000\040\0003\000\040\000E\000x\000e\000r\000c\000i\000s\000e\000\040\0004}{part.4}% 51
\BOOKMARK [2][-]{subsection.11.1}{\376\377\000B\000a\000c\000k\000g\000r\000o\000u\000n\000d\000\040\000i\000n\000f\000o\000r\000m\000a\000t\000i\000o\000n}{section.11}% 52
\BOOKMARK [2][-]{subsection.11.2}{\376\377\000T\000a\000s\000k}{section.11}% 53
\BOOKMARK [2][-]{subsection.11.3}{\376\377\000S\000t\000r\000a\000t\000e\000g\000y}{section.11}% 54
\BOOKMARK [2][-]{subsection.11.4}{\376\377\000S\000o\000l\000u\000t\000i\000o\000n}{section.11}% 55
\BOOKMARK [1][-]{section.12}{\376\377\000P\000S\000e\000t\000\040\0005\000\040\000E\000x\000e\000r\000c\000i\000s\000e\000\040\0004}{part.4}% 56
\BOOKMARK [2][-]{subsection.12.1}{\376\377\000B\000a\000c\000k\000g\000r\000o\000u\000n\000d\000\040\000i\000n\000f\000o\000r\000m\000a\000t\000i\000o\000n}{section.12}% 57
\BOOKMARK [2][-]{subsection.12.2}{\376\377\000T\000a\000s\000k}{section.12}% 58
\BOOKMARK [2][-]{subsection.12.3}{\376\377\000S\000t\000r\000a\000t\000e\000g\000y}{section.12}% 59
\BOOKMARK [2][-]{subsection.12.4}{\376\377\000S\000o\000l\000u\000t\000i\000o\000n}{section.12}% 60
\BOOKMARK [1][-]{section.13}{\376\377\000P\000S\000e\000t\000\040\0007\000\040\000E\000x\000e\000r\000c\000i\000s\000e\000\040\0007}{part.4}% 61
\BOOKMARK [2][-]{subsection.13.1}{\376\377\000B\000a\000c\000k\000g\000r\000o\000u\000n\000d\000\040\000i\000n\000f\000o\000r\000m\000a\000t\000i\000o\000n}{section.13}% 62
\BOOKMARK [2][-]{subsection.13.2}{\376\377\000T\000a\000s\000k}{section.13}% 63
\BOOKMARK [2][-]{subsection.13.3}{\376\377\000S\000t\000r\000a\000t\000e\000g\000y}{section.13}% 64
\BOOKMARK [2][-]{subsection.13.4}{\376\377\000S\000o\000l\000u\000t\000i\000o\000n}{section.13}% 65
\BOOKMARK [1][-]{section.14}{\376\377\000P\000S\000e\000t\000\040\0008\000\040\000E\000x\000e\000r\000c\000i\000s\000e\000\040\0006}{part.4}% 66
\BOOKMARK [2][-]{subsection.14.1}{\376\377\000B\000a\000c\000k\000g\000r\000o\000u\000n\000d\000\040\000i\000n\000f\000o\000r\000m\000a\000t\000i\000o\000n}{section.14}% 67
\BOOKMARK [2][-]{subsection.14.2}{\376\377\000T\000a\000s\000k}{section.14}% 68
\BOOKMARK [2][-]{subsection.14.3}{\376\377\000S\000t\000r\000a\000t\000e\000g\000y}{section.14}% 69
\BOOKMARK [2][-]{subsection.14.4}{\376\377\000S\000o\000l\000u\000t\000i\000o\000n}{section.14}% 70
\BOOKMARK [0][-]{part.5}{\376\377\000V\000\040\000A\000n\000a\000l\000y\000s\000i\000s}{}% 71
\BOOKMARK [1][-]{section.15}{\376\377\000P\000S\000e\000t\000\040\0004\000\040\000E\000x\000e\000r\000c\000i\000s\000e\000\040\0005}{part.5}% 72
\BOOKMARK [2][-]{subsection.15.1}{\376\377\000B\000a\000c\000k\000g\000r\000o\000u\000n\000d\000\040\000i\000n\000f\000o\000r\000m\000a\000t\000i\000o\000n}{section.15}% 73
\BOOKMARK [2][-]{subsection.15.2}{\376\377\000T\000a\000s\000k}{section.15}% 74
\BOOKMARK [2][-]{subsection.15.3}{\376\377\000S\000t\000r\000a\000t\000e\000g\000y}{section.15}% 75
\BOOKMARK [2][-]{subsection.15.4}{\376\377\000S\000o\000l\000u\000t\000i\000o\000n}{section.15}% 76
\BOOKMARK [0][-]{part.6}{\376\377\000V\000I\000\040\000E\000x\000a\000m\000p\000l\000e\000s}{}% 77
\BOOKMARK [1][-]{section.16}{\376\377\000P\000S\000e\000t\000\040\0004\000\040\000E\000x\000e\000r\000c\000i\000s\000e\000\040\0004}{part.6}% 78
\BOOKMARK [2][-]{subsection.16.1}{\376\377\000B\000a\000c\000k\000g\000r\000o\000u\000n\000d\000\040\000i\000n\000f\000o\000r\000m\000a\000t\000i\000o\000n}{section.16}% 79
\BOOKMARK [2][-]{subsection.16.2}{\376\377\000T\000a\000s\000k}{section.16}% 80
\BOOKMARK [2][-]{subsection.16.3}{\376\377\000S\000t\000r\000a\000t\000e\000g\000y}{section.16}% 81
\BOOKMARK [2][-]{subsection.16.4}{\376\377\000S\000o\000l\000u\000t\000i\000o\000n}{section.16}% 82
\BOOKMARK [1][-]{section.17}{\376\377\000P\000S\000e\000t\000\040\0006\000\040\000E\000x\000e\000r\000c\000i\000s\000e\000\040\0003}{part.6}% 83
\BOOKMARK [2][-]{subsection.17.1}{\376\377\000B\000a\000c\000k\000g\000r\000o\000u\000n\000d\000\040\000i\000n\000f\000o\000r\000m\000a\000t\000i\000o\000n}{section.17}% 84
\BOOKMARK [2][-]{subsection.17.2}{\376\377\000T\000a\000s\000k}{section.17}% 85
\BOOKMARK [2][-]{subsection.17.3}{\376\377\000S\000t\000r\000a\000t\000e\000g\000y}{section.17}% 86
\BOOKMARK [2][-]{subsection.17.4}{\376\377\000S\000o\000l\000u\000t\000i\000o\000n}{section.17}% 87
\BOOKMARK [1][-]{section.18}{\376\377\000P\000S\000e\000t\000\040\0007\000\040\000E\000x\000e\000r\000c\000i\000s\000e\000\040\0001\000.\0002}{part.6}% 88
\BOOKMARK [2][-]{subsection.18.1}{\376\377\000B\000a\000c\000k\000g\000r\000o\000u\000n\000d\000\040\000i\000n\000f\000o\000r\000m\000a\000t\000i\000o\000n}{section.18}% 89
\BOOKMARK [2][-]{subsection.18.2}{\376\377\000T\000a\000s\000k}{section.18}% 90
\BOOKMARK [2][-]{subsection.18.3}{\376\377\000S\000t\000r\000a\000t\000e\000g\000y}{section.18}% 91
\BOOKMARK [2][-]{subsection.18.4}{\376\377\000S\000o\000l\000u\000t\000i\000o\000n}{section.18}% 92
\BOOKMARK [1][-]{section.19}{\376\377\000P\000S\000e\000t\000\040\0008\000\040\000E\000x\000e\000r\000c\000i\000s\000e\000\040\0005}{part.6}% 93
\BOOKMARK [2][-]{subsection.19.1}{\376\377\000B\000a\000c\000k\000g\000r\000o\000u\000n\000d\000\040\000i\000n\000f\000o\000r\000m\000a\000t\000i\000o\000n}{section.19}% 94
\BOOKMARK [2][-]{subsection.19.2}{\376\377\000T\000a\000s\000k}{section.19}% 95
\BOOKMARK [2][-]{subsection.19.3}{\376\377\000S\000t\000r\000a\000t\000e\000g\000y}{section.19}% 96
\BOOKMARK [2][-]{subsection.19.4}{\376\377\000S\000o\000l\000u\000t\000i\000o\000n}{section.19}% 97
